05:42:30 **** Build of configuration Debug for project rpiuart ****
make all 
Building file: ../src/rpiuart.cpp
Invoking: GCC C++ Compiler
g++ -O0 -g3 -Wall -c -fmessage-length=0 -MMD -MP -MF"src/rpiuart.d" -MT"src/rpiuart.o" -o "src/rpiuart.o" "../src/rpiuart.cpp"
../src/rpiuart.cpp:10:17: warning: unused variable 'serial' [-Wunused-variable]
        struct termios serial;
                       ^
1 warning generated.
Finished building: ../src/rpiuart.cpp
 
Building target: rpiuart
Invoking: MacOS X C++ Linker
g++  -o "rpiuart"  ./src/rpiuart.o   
Finished building target: rpiuart
 
05:43:59 **** Incremental Build of configuration Debug for project rpiuart ****
make all 
Building file: ../src/rpiuart.cpp
Invoking: GCC C++ Compiler
g++ -O0 -g3 -Wall -c -fmessage-length=0 -MMD -MP -MF"src/rpiuart.d" -MT"src/rpiuart.o" -o "src/rpiuart.o" "../src/rpiuart.cpp"
../src/rpiuart.cpp:12:19: error: use of undeclared identifier 'O_RDWR'
        if (open(device, O_RDWR | O_NOCTTY | O_NDELAY))
                         ^
../src/rpiuart.cpp:12:28: error: use of undeclared identifier 'O_NOCTTY'
        if (open(device, O_RDWR | O_NOCTTY | O_NDELAY))
                                  ^
../src/rpiuart.cpp:12:39: error: use of undeclared identifier 'O_NDELAY'
        if (open(device, O_RDWR | O_NOCTTY | O_NDELAY))
                                             ^
3 errors generated.
make: *** [src/rpiuart.o] Error 1
"make all" terminated with exit code 2. Build might be incomplete.
05:44:11 **** Incremental Build of configuration Debug for project rpiuart ****
make all 
Building file: ../src/rpiuart.cpp
Invoking: GCC C++ Compiler
g++ -O0 -g3 -Wall -c -fmessage-length=0 -MMD -MP -MF"src/rpiuart.d" -MT"src/rpiuart.o" -o "src/rpiuart.o" "../src/rpiuart.cpp"
../src/rpiuart.cpp:12:6: error: no matching function for call to 'fopen'
        if (fopen(device))
            ^~~~~
/Library/Developer/CommandLineTools/SDKs/MacOSX10.14.sdk/usr/include/stdio.h:153:7: note: candidate function not viable: requires 2 arguments, but 1 was provided
FILE    *fopen(const char * __restrict __filename, const char * __restrict __mode) __DARWIN_ALIAS_STARTING(__MAC_10_6, __IPHONE_2_0, __DARWIN_ALIAS(fopen));
         ^
1 error generated.
make: *** [src/rpiuart.o] Error 1
"make all" terminated with exit code 2. Build might be incomplete.
05:44:19 **** Incremental Build of configuration Debug for project rpiuart ****
make all 
Building file: ../src/rpiuart.cpp
Invoking: GCC C++ Compiler
g++ -O0 -g3 -Wall -c -fmessage-length=0 -MMD -MP -MF"src/rpiuart.d" -MT"src/rpiuart.o" -o "src/rpiuart.o" "../src/rpiuart.cpp"
../src/rpiuart.cpp:12:6: error: no matching function for call to 'fopen'
        if (fopen(device)) {
            ^~~~~
/Library/Developer/CommandLineTools/SDKs/MacOSX10.14.sdk/usr/include/stdio.h:153:7: note: candidate function not viable: requires 2 arguments, but 1 was provided
FILE    *fopen(const char * __restrict __filename, const char * __restrict __mode) __DARWIN_ALIAS_STARTING(__MAC_10_6, __IPHONE_2_0, __DARWIN_ALIAS(fopen));
         ^
1 error generated.
make: *** [src/rpiuart.o] Error 1
"make all" terminated with exit code 2. Build might be incomplete.
05:45:13 **** Incremental Build of configuration Debug for project rpiuart ****
make all 
Building file: ../src/rpiuart.cpp
Invoking: GCC C++ Compiler
g++ -O0 -g3 -Wall -c -fmessage-length=0 -MMD -MP -MF"src/rpiuart.d" -MT"src/rpiuart.o" -o "src/rpiuart.o" "../src/rpiuart.cpp"
../src/rpiuart.cpp:10:17: warning: unused variable 'serial' [-Wunused-variable]
        struct termios serial;
                       ^
../src/rpiuart.cpp:14:2: error: expected unqualified-id
        return 0;
        ^
../src/rpiuart.cpp:15:1: error: extraneous closing brace ('}')
}
^
1 warning and 2 errors generated.
make: *** [src/rpiuart.o] Error 1
"make all" terminated with exit code 2. Build might be incomplete.
05:45:44 **** Incremental Build of configuration Debug for project rpiuart ****
make all 
Building file: ../src/rpiuart.cpp
Invoking: GCC C++ Compiler
g++ -O0 -g3 -Wall -c -fmessage-length=0 -MMD -MP -MF"src/rpiuart.d" -MT"src/rpiuart.o" -o "src/rpiuart.o" "../src/rpiuart.cpp"
../src/rpiuart.cpp:10:17: warning: unused variable 'serial' [-Wunused-variable]
        struct termios serial;
                       ^
1 warning generated.
Finished building: ../src/rpiuart.cpp
 
Building target: rpiuart
Invoking: MacOS X C++ Linker
g++  -o "rpiuart"  ./src/rpiuart.o   
Finished building target: rpiuart
 
05:46:23 **** Incremental Build of configuration Debug for project rpiuart ****
make all 
Building file: ../src/rpiuart.cpp
Invoking: GCC C++ Compiler
g++ -O0 -g3 -Wall -c -fmessage-length=0 -MMD -MP -MF"src/rpiuart.d" -MT"src/rpiuart.o" -o "src/rpiuart.o" "../src/rpiuart.cpp"
../src/rpiuart.cpp:13:31: error: use of undeclared identifier 'O_RDWR'
        ifstream stream(device_path, O_RDWR | O_NOCTTY | O_NDELAY);
                                     ^
../src/rpiuart.cpp:13:40: error: use of undeclared identifier 'O_NOCTTY'
        ifstream stream(device_path, O_RDWR | O_NOCTTY | O_NDELAY);
                                              ^
../src/rpiuart.cpp:13:51: error: use of undeclared identifier 'O_NDELAY'
        ifstream stream(device_path, O_RDWR | O_NOCTTY | O_NDELAY);
                                                         ^
3 errors generated.
make: *** [src/rpiuart.o] Error 1
"make all" terminated with exit code 2. Build might be incomplete.
05:46:30 **** Incremental Build of configuration Debug for project rpiuart ****
make all 
Building file: ../src/rpiuart.cpp
Invoking: GCC C++ Compiler
g++ -O0 -g3 -Wall -c -fmessage-length=0 -MMD -MP -MF"src/rpiuart.d" -MT"src/rpiuart.o" -o "src/rpiuart.o" "../src/rpiuart.cpp"
../src/rpiuart.cpp:10:17: warning: unused variable 'serial' [-Wunused-variable]
        struct termios serial;
                       ^
1 warning generated.
Finished building: ../src/rpiuart.cpp
 
Building target: rpiuart
Invoking: MacOS X C++ Linker
g++  -o "rpiuart"  ./src/rpiuart.o   
Finished building target: rpiuart
 
05:47:50 **** Incremental Build of configuration Debug for project rpiuart ****
make all 
Building file: ../src/rpiuart.cpp
Invoking: GCC C++ Compiler
g++ -O0 -g3 -Wall -c -fmessage-length=0 -MMD -MP -MF"src/rpiuart.d" -MT"src/rpiuart.o" -o "src/rpiuart.o" "../src/rpiuart.cpp"
../src/rpiuart.cpp:26:7: error: no matching function for call to 'tcsetattr'
                    tcsetattr(stream, TCSANOW, &serial); // Apply configuration
                    ^~~~~~~~~
/Library/Developer/CommandLineTools/SDKs/MacOSX10.14.sdk/usr/include/sys/termios.h:336:9: note: candidate function not viable: no known conversion from 'std::__1::ifstream' (aka 'basic_ifstream<char>') to 'int' for 1st argument
int     tcsetattr(int, int, const struct termios *);
        ^
1 error generated.
make: *** [src/rpiuart.o] Error 1
"make all" terminated with exit code 2. Build might be incomplete.
05:47:57 **** Incremental Build of configuration Debug for project rpiuart ****
make all 
Building file: ../src/rpiuart.cpp
Invoking: GCC C++ Compiler
g++ -O0 -g3 -Wall -c -fmessage-length=0 -MMD -MP -MF"src/rpiuart.d" -MT"src/rpiuart.o" -o "src/rpiuart.o" "../src/rpiuart.cpp"
Finished building: ../src/rpiuart.cpp
 
Building target: rpiuart
Invoking: MacOS X C++ Linker
g++  -o "rpiuart"  ./src/rpiuart.o   
Finished building target: rpiuart
 
12:12:27 **** Incremental Build of configuration Debug for project rpiuart ****
make all 
make: Nothing to be done for `all'.
12:21:45 **** Incremental Build of configuration Debug for project rpiuart ****
make all 
Building file: ../src/rpiuart.cpp
Invoking: GCC C++ Compiler
g++ -O0 -g3 -Wall -c -fmessage-length=0 -MMD -MP -MF"src/rpiuart.d" -MT"src/rpiuart.o" -o "src/rpiuart.o" "../src/rpiuart.cpp"
../src/rpiuart.cpp:14:18: error: no matching function for call to 'open'
        int serial_fd = open(device_path, O_RDWR | O_NOCTTY | O_NDELAY);
                        ^~~~
/Library/Developer/CommandLineTools/SDKs/MacOSX10.14.sdk/usr/include/sys/fcntl.h:514:9: note: candidate function not viable: no known conversion from 'std::__1::string' (aka 'basic_string<char, char_traits<char>, allocator<char> >') to 'const char *' for 1st argument
int     open(const char *, int, ...) __DARWIN_ALIAS_C(open);
        ^
1 error generated.
make: *** [src/rpiuart.o] Error 1
"make all" terminated with exit code 2. Build might be incomplete.
12:26:21 **** Incremental Build of configuration Debug for project rpiuart ****
make all 
Building file: ../src/rpiuart.cpp
Invoking: GCC C++ Compiler
g++ -O0 -g3 -Wall -c -fmessage-length=0 -MMD -MP -MF"src/rpiuart.d" -MT"src/rpiuart.o" -o "src/rpiuart.o" "../src/rpiuart.cpp"
../src/rpiuart.cpp:15:14: error: no matching function for call to 'open'
    int fd = open(device_path, O_RDWR | O_NOCTTY | O_NDELAY);
             ^~~~
/Library/Developer/CommandLineTools/SDKs/MacOSX10.14.sdk/usr/include/sys/fcntl.h:514:9: note: candidate function not viable: no known conversion from 'std::__1::string' (aka 'basic_string<char, char_traits<char>, allocator<char> >') to 'const char *' for 1st argument
int     open(const char *, int, ...) __DARWIN_ALIAS_C(open);
        ^
1 error generated.
make: *** [src/rpiuart.o] Error 1
"make all" terminated with exit code 2. Build might be incomplete.
12:27:07 **** Incremental Build of configuration Debug for project rpiuart ****
make all 
Building file: ../src/rpiuart.cpp
Invoking: GCC C++ Compiler
g++ -O0 -g3 -Wall -c -fmessage-length=0 -MMD -MP -MF"src/rpiuart.d" -MT"src/rpiuart.o" -o "src/rpiuart.o" "../src/rpiuart.cpp"
../src/rpiuart.cpp:15:26: error: no member named 'open' in 'std::__1::basic_string<char>'
    int fd = device_path.open(device_path, O_RDWR | O_NOCTTY | O_NDELAY);
             ~~~~~~~~~~~ ^
1 error generated.
make: *** [src/rpiuart.o] Error 1
"make all" terminated with exit code 2. Build might be incomplete.
12:27:12 **** Incremental Build of configuration Debug for project rpiuart ****
make all 
Building file: ../src/rpiuart.cpp
Invoking: GCC C++ Compiler
g++ -O0 -g3 -Wall -c -fmessage-length=0 -MMD -MP -MF"src/rpiuart.d" -MT"src/rpiuart.o" -o "src/rpiuart.o" "../src/rpiuart.cpp"
../src/rpiuart.cpp:15:14: error: no matching function for call to 'open'
    int fd = open(device_path, O_RDWR | O_NOCTTY | O_NDELAY);
             ^~~~
/Library/Developer/CommandLineTools/SDKs/MacOSX10.14.sdk/usr/include/sys/fcntl.h:514:9: note: candidate function not viable: no known conversion from 'std::__1::string' (aka 'basic_string<char, char_traits<char>, allocator<char> >') to 'const char *' for 1st argument
int     open(const char *, int, ...) __DARWIN_ALIAS_C(open);
        ^
1 error generated.
make: *** [src/rpiuart.o] Error 1
"make all" terminated with exit code 2. Build might be incomplete.
12:28:06 **** Incremental Build of configuration Debug for project rpiuart ****
make all 
Building file: ../src/rpiuart.cpp
Invoking: GCC C++ Compiler
g++ -O0 -g3 -Wall -c -fmessage-length=0 -MMD -MP -MF"src/rpiuart.d" -MT"src/rpiuart.o" -o "src/rpiuart.o" "../src/rpiuart.cpp"
../src/rpiuart.cpp:15:21: error: no viable conversion from 'std::__1::string' (aka 'basic_string<char, char_traits<char>, allocator<char> >') to 'const char *'
    int fd = ::open(device_path, O_RDWR | O_NOCTTY | O_NDELAY);
                    ^~~~~~~~~~~
/Library/Developer/CommandLineTools/usr/include/c++/v1/string:869:5: note: candidate function
    operator __self_view() const _NOEXCEPT { return __self_view(data(), size()); }
    ^
/Library/Developer/CommandLineTools/SDKs/MacOSX10.14.sdk/usr/include/sys/fcntl.h:514:26: note: passing argument to parameter here
int     open(const char *, int, ...) __DARWIN_ALIAS_C(open);
                         ^
1 error generated.
make: *** [src/rpiuart.o] Error 1
"make all" terminated with exit code 2. Build might be incomplete.
12:28:10 **** Incremental Build of configuration Debug for project rpiuart ****
make all 
Building file: ../src/rpiuart.cpp
Invoking: GCC C++ Compiler
g++ -O0 -g3 -Wall -c -fmessage-length=0 -MMD -MP -MF"src/rpiuart.d" -MT"src/rpiuart.o" -o "src/rpiuart.o" "../src/rpiuart.cpp"
../src/rpiuart.cpp:15:21: error: no viable conversion from 'std::__1::string' (aka 'basic_string<char, char_traits<char>, allocator<char> >') to 'const char *'
    int fd = ::open(device_path, O_RDWR | O_NOCTTY | O_NDELAY);
                    ^~~~~~~~~~~
/Library/Developer/CommandLineTools/usr/include/c++/v1/string:869:5: note: candidate function
    operator __self_view() const _NOEXCEPT { return __self_view(data(), size()); }
    ^
/Library/Developer/CommandLineTools/SDKs/MacOSX10.14.sdk/usr/include/sys/fcntl.h:514:26: note: passing argument to parameter here
int     open(const char *, int, ...) __DARWIN_ALIAS_C(open);
                         ^
1 error generated.
make: *** [src/rpiuart.o] Error 1
"make all" terminated with exit code 2. Build might be incomplete.
12:28:29 **** Incremental Build of configuration Debug for project rpiuart ****
make all 
Building file: ../src/rpiuart.cpp
Invoking: GCC C++ Compiler
g++ -O0 -g3 -Wall -c -fmessage-length=0 -MMD -MP -MF"src/rpiuart.d" -MT"src/rpiuart.o" -o "src/rpiuart.o" "../src/rpiuart.cpp"
../src/rpiuart.cpp:14:14: error: no matching function for call to 'open'
    int fd = open(device_path, O_RDWR | O_NOCTTY | O_NDELAY);
             ^~~~
/Library/Developer/CommandLineTools/SDKs/MacOSX10.14.sdk/usr/include/sys/fcntl.h:514:9: note: candidate function not viable: no known conversion from 'std::__1::string' (aka 'basic_string<char, char_traits<char>, allocator<char> >') to 'const char *' for 1st argument
int     open(const char *, int, ...) __DARWIN_ALIAS_C(open);
        ^
1 error generated.
make: *** [src/rpiuart.o] Error 1
"make all" terminated with exit code 2. Build might be incomplete.
12:33:17 **** Incremental Build of configuration Debug for project rpiuart ****
make all 
Building file: ../src/rpiuart.cpp
Invoking: GCC C++ Compiler
g++ -O0 -g3 -Wall -c -fmessage-length=0 -MMD -MP -MF"src/rpiuart.d" -MT"src/rpiuart.o" -o "src/rpiuart.o" "../src/rpiuart.cpp"
Finished building: ../src/rpiuart.cpp
 
Building target: rpiuart
Invoking: MacOS X C++ Linker
g++  -o "rpiuart"  ./src/rpiuart.o   
Finished building target: rpiuart
 
03:17:47 **** Incremental Build of configuration Debug for project rpiuart ****
make all 
Building file: ../src/rpiuart.cpp
Invoking: GCC C++ Compiler
g++ -O0 -g3 -Wall -c -fmessage-length=0 -MMD -MP -MF"src/rpiuart.d" -MT"src/rpiuart.o" -o "src/rpiuart.o" "../src/rpiuart.cpp"
../src/rpiuart.cpp:33:16: error: invalid operands to binary expression ('std::__1::string' (aka 'basic_string<char, char_traits<char>, allocator<char> >') and 'int')
                    while (q > 0) {
                           ~ ^ ~
/Library/Developer/CommandLineTools/usr/include/c++/v1/utility:602:1: note: candidate template ignored: could not match 'pair' against 'basic_string'
operator> (const pair<_T1,_T2>& __x, const pair<_T1,_T2>& __y)
^
/Library/Developer/CommandLineTools/usr/include/c++/v1/iterator:718:1: note: candidate template ignored: could not match 'reverse_iterator' against 'basic_string'
operator>(const reverse_iterator<_Iter1>& __x, const reverse_iterator<_Iter2>& __y)
^
/Library/Developer/CommandLineTools/usr/include/c++/v1/iterator:1159:1: note: candidate template ignored: could not match 'move_iterator' against 'basic_string'
operator>(const move_iterator<_Iter1>& __x, const move_iterator<_Iter2>& __y)
^
/Library/Developer/CommandLineTools/usr/include/c++/v1/iterator:1535:1: note: candidate template ignored: could not match '__wrap_iter' against 'basic_string'
operator>(const __wrap_iter<_Iter1>& __x, const __wrap_iter<_Iter2>& __y) _NOEXCEPT_DEBUG
^
/Library/Developer/CommandLineTools/usr/include/c++/v1/iterator:1567:1: note: candidate template ignored: could not match '__wrap_iter' against 'basic_string'
operator>(const __wrap_iter<_Iter1>& __x, const __wrap_iter<_Iter1>& __y) _NOEXCEPT_DEBUG
^
/Library/Developer/CommandLineTools/usr/include/c++/v1/memory:2981:1: note: candidate template ignored: could not match 'unique_ptr' against 'basic_string'
operator> (const unique_ptr<_T1, _D1>& __x, const unique_ptr<_T2, _D2>& __y) {return __y < __x;}
^
/Library/Developer/CommandLineTools/usr/include/c++/v1/memory:3046:1: note: candidate template ignored: could not match 'unique_ptr' against 'basic_string'
operator>(const unique_ptr<_T1, _D1>& __x, nullptr_t)
^
/Library/Developer/CommandLineTools/usr/include/c++/v1/memory:3054:1: note: candidate template ignored: could not match 'unique_ptr<type-parameter-0-0, type-parameter-0-1>' against 'int'
operator>(nullptr_t, const unique_ptr<_T1, _D1>& __x)
^
/Library/Developer/CommandLineTools/usr/include/c++/v1/memory:4822:1: note: candidate template ignored: could not match 'shared_ptr' against 'basic_string'
operator>(const shared_ptr<_Tp>& __x, const shared_ptr<_Up>& __y) _NOEXCEPT
^
/Library/Developer/CommandLineTools/usr/include/c++/v1/memory:4894:1: note: candidate template ignored: could not match 'shared_ptr' against 'basic_string'
operator>(const shared_ptr<_Tp>& __x, nullptr_t) _NOEXCEPT
^
/Library/Developer/CommandLineTools/usr/include/c++/v1/memory:4902:1: note: candidate template ignored: could not match 'shared_ptr<type-parameter-0-0>' against 'int'
operator>(nullptr_t, const shared_ptr<_Tp>& __x) _NOEXCEPT
^
/Library/Developer/CommandLineTools/usr/include/c++/v1/string_view:698:6: note: candidate template ignored: could not match 'basic_string_view' against 'basic_string'
bool operator> (basic_string_view<_CharT, _Traits> __lhs, basic_string_view<_CharT, _Traits> __rhs) _NOEXCEPT
     ^
/Library/Developer/CommandLineTools/usr/include/c++/v1/string_view:705:6: note: candidate template ignored: could not match 'basic_string_view' against 'basic_string'
bool operator>(basic_string_view<_CharT, _Traits> __lhs,
     ^
/Library/Developer/CommandLineTools/usr/include/c++/v1/string_view:713:6: note: candidate template ignored: could not match 'basic_string_view<type-parameter-0-0, type-parameter-0-1>' against 'int'
bool operator>(typename common_type<basic_string_view<_CharT, _Traits> >::type __lhs, 
     ^
/Library/Developer/CommandLineTools/usr/include/c++/v1/string:3907:1: note: candidate template ignored: could not match 'basic_string<type-parameter-0-0, type-parameter-0-1, type-parameter-0-2>' against 'int'
operator> (const basic_string<_CharT, _Traits, _Allocator>& __lhs,
^
/Library/Developer/CommandLineTools/usr/include/c++/v1/string:3916:1: note: candidate template ignored: could not match 'const _CharT *' against 'int'
operator> (const basic_string<_CharT, _Traits, _Allocator>& __lhs,
^
/Library/Developer/CommandLineTools/usr/include/c++/v1/string:3925:1: note: candidate template ignored: could not match 'const _CharT *' against 'std::__1::string' (aka 'basic_string<char, char_traits<char>, allocator<char> >')
operator> (const _CharT* __lhs,
^
/Library/Developer/CommandLineTools/usr/include/c++/v1/vector:3365:1: note: candidate template ignored: could not match 'vector' against 'basic_string'
operator> (const vector<_Tp, _Allocator>& __x, const vector<_Tp, _Allocator>& __y)
^
../src/rpiuart.cpp:34:9: error: cannot decrement value of type 'std::__1::string' (aka 'basic_string<char, char_traits<char>, allocator<char> >')
                        q--;
                        ~^
../src/rpiuart.cpp:35:33: error: use of undeclared identifier 'str'
                         printf("Sending: %s\n", str);
                                                 ^
../src/rpiuart.cpp:37:35: error: use of undeclared identifier 'str'
                            int wcount = write(fd, str, strlen(str));
                                                   ^
../src/rpiuart.cpp:37:47: error: use of undeclared identifier 'str'
                            int wcount = write(fd, str, strlen(str));
                                                               ^
../src/rpiuart.cpp:42:49: error: use of undeclared identifier 'buffer'
                            int rcount = read(fd, buffer, sizeof(buffer));
                                                                 ^
../src/rpiuart.cpp:42:34: error: use of undeclared identifier 'buffer'
                            int rcount = read(fd, buffer, sizeof(buffer));
                                                  ^
../src/rpiuart.cpp:43:12: error: expected expression
                            else {
                            ^
../src/rpiuart.cpp:49:37: error: use of undeclared identifier 'buffer'
                            printf("Received: %s\n", buffer);
                                                     ^
9 errors generated.
make: *** [src/rpiuart.o] Error 1
"make all" terminated with exit code 2. Build might be incomplete.
03:17:48 **** Build of configuration Debug for project test ****
make all 
Building file: ../src/test.cpp
Invoking: GCC C++ Compiler
g++ -O0 -g3 -Wall -c -fmessage-length=0 -MMD -MP -MF"src/test.d" -MT"src/test.o" -o "src/test.o" "../src/test.cpp"
Finished building: ../src/test.cpp
 
Building target: test
Invoking: MacOS X C++ Linker
g++  -o "test"  ./src/test.o   
Finished building target: test
 
03:17:48 **** Build of configuration Debug for project uartmaster ****
make all 
Building file: ../src/uartmaster.cpp
Invoking: GCC C++ Compiler
g++ -O0 -g3 -Wall -c -fmessage-length=0 -MMD -MP -MF"src/uartmaster.d" -MT"src/uartmaster.o" -o "src/uartmaster.o" "../src/uartmaster.cpp"
Finished building: ../src/uartmaster.cpp
 
Building target: uartmaster
Invoking: MacOS X C++ Linker
g++  -o "uartmaster"  ./src/uartmaster.o   
Finished building target: uartmaster
 
03:18:12 **** Incremental Build of configuration Debug for project test ****
make all 
make: Nothing to be done for `all'.
03:18:13 **** Incremental Build of configuration Debug for project uartmaster ****
make all 
make: Nothing to be done for `all'.
03:18:22 **** Incremental Build of configuration Debug for project uartmaster ****
make all 
make: Nothing to be done for `all'.
03:22:09 **** Incremental Build of configuration Debug for project test ****
make all 
make: Nothing to be done for `all'.
03:22:09 **** Incremental Build of configuration Debug for project uartmaster ****
make all 
Building file: ../src/uartmaster.cpp
Invoking: GCC C++ Compiler
g++ -O0 -g3 -Wall -c -fmessage-length=0 -MMD -MP -MF"src/uartmaster.d" -MT"src/uartmaster.o" -o "src/uartmaster.o" "../src/uartmaster.cpp"
../src/uartmaster.cpp:13:3: error: use of undeclared identifier 'cout'
                cout << "Error " << errno << " opening " << "/dev/ttyUSB0" << ": " << strerror (errno) << endl;
                ^
../src/uartmaster.cpp:13:93: error: use of undeclared identifier 'endl'
                cout << "Error " << errno << " opening " << "/dev/ttyUSB0" << ": " << strerror (errno) << endl;
                                                                                                          ^
2 errors generated.
make: *** [src/uartmaster.o] Error 1
"make all" terminated with exit code 2. Build might be incomplete.
03:22:42 **** Incremental Build of configuration Debug for project test ****
make all 
make: Nothing to be done for `all'.
03:22:42 **** Incremental Build of configuration Debug for project uartmaster ****
make all 
Building file: ../src/uartmaster.cpp
Invoking: GCC C++ Compiler
g++ -O0 -g3 -Wall -c -fmessage-length=0 -MMD -MP -MF"src/uartmaster.d" -MT"src/uartmaster.o" -o "src/uartmaster.o" "../src/uartmaster.cpp"
../src/uartmaster.cpp:13:3: error: use of undeclared identifier 'cout'
                cout << "Error " << errno << " opening " << "/dev/ttyUSB0" << ": " << endl;
                ^
../src/uartmaster.cpp:13:73: error: use of undeclared identifier 'endl'
                cout << "Error " << errno << " opening " << "/dev/ttyUSB0" << ": " << endl;
                                                                                      ^
2 errors generated.
make: *** [src/uartmaster.o] Error 1
"make all" terminated with exit code 2. Build might be incomplete.
03:22:52 **** Incremental Build of configuration Debug for project test ****
make all 
make: Nothing to be done for `all'.
03:22:53 **** Incremental Build of configuration Debug for project uartmaster ****
make all 
Building file: ../src/uartmaster.cpp
Invoking: GCC C++ Compiler
g++ -O0 -g3 -Wall -c -fmessage-length=0 -MMD -MP -MF"src/uartmaster.d" -MT"src/uartmaster.o" -o "src/uartmaster.o" "../src/uartmaster.cpp"
../src/uartmaster.cpp:13:3: error: use of undeclared identifier 'cout'
                cout << "Error " << " opening " << "/dev/ttyUSB0" << ": " << endl;
                ^
../src/uartmaster.cpp:13:64: error: use of undeclared identifier 'endl'
                cout << "Error " << " opening " << "/dev/ttyUSB0" << ": " << endl;
                                                                             ^
2 errors generated.
make: *** [src/uartmaster.o] Error 1
"make all" terminated with exit code 2. Build might be incomplete.
03:23:16 **** Incremental Build of configuration Debug for project test ****
make all 
make: Nothing to be done for `all'.
03:23:16 **** Incremental Build of configuration Debug for project uartmaster ****
make all 
Building file: ../src/uartmaster.cpp
Invoking: GCC C++ Compiler
g++ -O0 -g3 -Wall -c -fmessage-length=0 -MMD -MP -MF"src/uartmaster.d" -MT"src/uartmaster.o" -o "src/uartmaster.o" "../src/uartmaster.cpp"
../src/uartmaster.cpp:13:3: error: use of undeclared identifier 'cout'
                cout << "hello";
                ^
1 error generated.
make: *** [src/uartmaster.o] Error 1
"make all" terminated with exit code 2. Build might be incomplete.
03:23:40 **** Incremental Build of configuration Debug for project test ****
make all 
make: Nothing to be done for `all'.
03:23:40 **** Incremental Build of configuration Debug for project uartmaster ****
make all 
Building file: ../src/uartmaster.cpp
Invoking: GCC C++ Compiler
g++ -O0 -g3 -Wall -c -fmessage-length=0 -MMD -MP -MF"src/uartmaster.d" -MT"src/uartmaster.o" -o "src/uartmaster.o" "../src/uartmaster.cpp"
Finished building: ../src/uartmaster.cpp
 
Building target: uartmaster
Invoking: MacOS X C++ Linker
g++  -o "uartmaster"  ./src/uartmaster.o   
Finished building target: uartmaster
 
03:23:56 **** Incremental Build of configuration Debug for project test ****
make all 
make: Nothing to be done for `all'.
03:23:56 **** Incremental Build of configuration Debug for project uartmaster ****
make all 
Building file: ../src/uartmaster.cpp
Invoking: GCC C++ Compiler
g++ -O0 -g3 -Wall -c -fmessage-length=0 -MMD -MP -MF"src/uartmaster.d" -MT"src/uartmaster.o" -o "src/uartmaster.o" "../src/uartmaster.cpp"
Finished building: ../src/uartmaster.cpp
 
Building target: uartmaster
Invoking: MacOS X C++ Linker
g++  -o "uartmaster"  ./src/uartmaster.o   
Finished building target: uartmaster
 
03:24:09 **** Incremental Build of configuration Debug for project test ****
make all 
make: Nothing to be done for `all'.
03:24:09 **** Incremental Build of configuration Debug for project uartmaster ****
make all 
Building file: ../src/uartmaster.cpp
Invoking: GCC C++ Compiler
g++ -O0 -g3 -Wall -c -fmessage-length=0 -MMD -MP -MF"src/uartmaster.d" -MT"src/uartmaster.o" -o "src/uartmaster.o" "../src/uartmaster.cpp"
Finished building: ../src/uartmaster.cpp
 
Building target: uartmaster
Invoking: MacOS X C++ Linker
g++  -o "uartmaster"  ./src/uartmaster.o   
Finished building target: uartmaster
 
03:24:13 **** Incremental Build of configuration Debug for project uartmaster ****
make all 
make: Nothing to be done for `all'.
03:24:43 **** Incremental Build of configuration Debug for project uartmaster ****
make all 
Building file: ../src/uartmaster.cpp
Invoking: GCC C++ Compiler
g++ -O0 -g3 -Wall -c -fmessage-length=0 -MMD -MP -MF"src/uartmaster.d" -MT"src/uartmaster.o" -o "src/uartmaster.o" "../src/uartmaster.cpp"
Finished building: ../src/uartmaster.cpp
 
Building target: uartmaster
Invoking: MacOS X C++ Linker
g++  -o "uartmaster"  ./src/uartmaster.o   
Finished building target: uartmaster
 
03:27:06 **** Incremental Build of configuration Debug for project test ****
make all 
make: Nothing to be done for `all'.
03:27:06 **** Incremental Build of configuration Debug for project uartmaster ****
make all 
make: Nothing to be done for `all'.
03:27:13 **** Incremental Build of configuration Debug for project test ****
make all 
make: Nothing to be done for `all'.
03:27:13 **** Incremental Build of configuration Debug for project uartmaster ****
make all 
make: Nothing to be done for `all'.
03:30:38 **** Incremental Build of configuration Debug for project test ****
make all 
make: Nothing to be done for `all'.
03:30:38 **** Incremental Build of configuration Debug for project uartmaster ****
make all 
make: Nothing to be done for `all'.
03:32:20 **** Incremental Build of configuration Debug for project test ****
make all 
make: Nothing to be done for `all'.
03:32:20 **** Incremental Build of configuration Debug for project uartmaster ****
make all 
Building file: ../src/uartmaster.cpp
Invoking: GCC C++ Compiler
g++ -O0 -g3 -Wall -c -fmessage-length=0 -MMD -MP -MF"src/uartmaster.d" -MT"src/uartmaster.o" -o "src/uartmaster.o" "../src/uartmaster.cpp"
Finished building: ../src/uartmaster.cpp
 
Building target: uartmaster
Invoking: MacOS X C++ Linker
g++  -o "uartmaster"  ./src/uartmaster.o   
Finished building target: uartmaster
 
03:32:27 **** Incremental Build of configuration Debug for project uartmaster ****
make all 
make: Nothing to be done for `all'.
03:32:42 **** Incremental Build of configuration Debug for project uartmaster ****
make all 
make: Nothing to be done for `all'.
03:33:06 **** Incremental Build of configuration Debug for project uartmaster ****
make all 
Building file: ../src/uartmaster.cpp
Invoking: GCC C++ Compiler
g++ -O0 -g3 -Wall -c -fmessage-length=0 -MMD -MP -MF"src/uartmaster.d" -MT"src/uartmaster.o" -o "src/uartmaster.o" "../src/uartmaster.cpp"
Finished building: ../src/uartmaster.cpp
 
Building target: uartmaster
Invoking: MacOS X C++ Linker
g++  -o "uartmaster"  ./src/uartmaster.o   
Finished building target: uartmaster
 
04:05:06 **** Incremental Build of configuration Debug for project test ****
make all 
make: Nothing to be done for `all'.
04:05:06 **** Incremental Build of configuration Debug for project uartmaster ****
make all 
Building file: ../src/uartmaster.cpp
Invoking: GCC C++ Compiler
g++ -O0 -g3 -Wall -c -fmessage-length=0 -MMD -MP -MF"src/uartmaster.d" -MT"src/uartmaster.o" -o "src/uartmaster.o" "../src/uartmaster.cpp"
Finished building: ../src/uartmaster.cpp
 
Building target: uartmaster
Invoking: MacOS X C++ Linker
g++  -o "uartmaster"  ./src/uartmaster.o   
Finished building target: uartmaster
 
04:05:23 **** Incremental Build of configuration Debug for project test ****
make all 
make: Nothing to be done for `all'.
04:05:23 **** Incremental Build of configuration Debug for project uartmaster ****
make all 
Building file: ../src/uartmaster.cpp
Invoking: GCC C++ Compiler
g++ -O0 -g3 -Wall -c -fmessage-length=0 -MMD -MP -MF"src/uartmaster.d" -MT"src/uartmaster.o" -o "src/uartmaster.o" "../src/uartmaster.cpp"
../src/uartmaster.cpp:26:16: error: use of undeclared identifier 'write'
                int wcount = write(USB, str, strlen(str));
                             ^
../src/uartmaster.cpp:31:3: error: use of undeclared identifier 'close'
                close(USB);
                ^
2 errors generated.
make: *** [src/uartmaster.o] Error 1
"make all" terminated with exit code 2. Build might be incomplete.
04:05:32 **** Incremental Build of configuration Debug for project test ****
make all 
make: Nothing to be done for `all'.
04:05:32 **** Incremental Build of configuration Debug for project uartmaster ****
make all 
Building file: ../src/uartmaster.cpp
Invoking: GCC C++ Compiler
g++ -O0 -g3 -Wall -c -fmessage-length=0 -MMD -MP -MF"src/uartmaster.d" -MT"src/uartmaster.o" -o "src/uartmaster.o" "../src/uartmaster.cpp"
Finished building: ../src/uartmaster.cpp
 
Building target: uartmaster
Invoking: MacOS X C++ Linker
g++  -o "uartmaster"  ./src/uartmaster.o   
Finished building target: uartmaster
 
04:20:58 **** Incremental Build of configuration Debug for project test ****
make all 
make: Nothing to be done for `all'.
04:20:59 **** Incremental Build of configuration Debug for project uartmaster ****
make all 
Building file: ../src/uartmaster.cpp
Invoking: GCC C++ Compiler
g++ -O0 -g3 -Wall -c -fmessage-length=0 -MMD -MP -MF"src/uartmaster.d" -MT"src/uartmaster.o" -o "src/uartmaster.o" "../src/uartmaster.cpp"
Finished building: ../src/uartmaster.cpp
 
Building target: uartmaster
Invoking: MacOS X C++ Linker
g++  -o "uartmaster"  ./src/uartmaster.o   
Finished building target: uartmaster
 
04:23:45 **** Incremental Build of configuration Debug for project test ****
make all 
make: Nothing to be done for `all'.
04:23:51 **** Incremental Build of configuration Debug for project uartmaster ****
make all 
Building file: ../src/uartmaster.cpp
Invoking: GCC C++ Compiler
g++ -O0 -g3 -Wall -c -fmessage-length=0 -MMD -MP -MF"src/uartmaster.d" -MT"src/uartmaster.o" -o "src/uartmaster.o" "../src/uartmaster.cpp"
Finished building: ../src/uartmaster.cpp
 
Building target: uartmaster
Invoking: MacOS X C++ Linker
g++  -o "uartmaster"  ./src/uartmaster.o   
Finished building target: uartmaster
 
04:24:10 **** Incremental Build of configuration Debug for project uartmaster ****
make all 
make: Nothing to be done for `all'.
04:24:23 **** Incremental Build of configuration Debug for project uartmaster ****
make all 
Building file: ../src/uartmaster.cpp
Invoking: GCC C++ Compiler
g++ -O0 -g3 -Wall -c -fmessage-length=0 -MMD -MP -MF"src/uartmaster.d" -MT"src/uartmaster.o" -o "src/uartmaster.o" "../src/uartmaster.cpp"
Finished building: ../src/uartmaster.cpp
 
Building target: uartmaster
Invoking: MacOS X C++ Linker
g++  -o "uartmaster"  ./src/uartmaster.o   
Finished building target: uartmaster
 
05:18:43 **** Incremental Build of configuration Debug for project uartmaster ****
make all 
Building file: ../src/uartmaster.cpp
Invoking: GCC C++ Compiler
g++ -O0 -g3 -Wall -c -fmessage-length=0 -MMD -MP -MF"src/uartmaster.d" -MT"src/uartmaster.o" -o "src/uartmaster.o" "../src/uartmaster.cpp"
../src/uartmaster.cpp:33:10: error: invalid operands to binary expression ('std::__1::ostream' (aka 'basic_ostream<char>') and 'int')
                         cout >> wcount >> "symbols was transmitted successfully" >> endl;
                         ~~~~ ^  ~~~~~~
/Library/Developer/CommandLineTools/usr/include/c++/v1/istream:521:1: note: candidate template ignored: could not match 'basic_istream' against 'basic_ostream'
operator>>(basic_istream<_CharT, _Traits>& __is, _CharT* __s)
^
/Library/Developer/CommandLineTools/usr/include/c++/v1/istream:570:1: note: candidate template ignored: could not match 'basic_istream' against 'basic_ostream'
operator>>(basic_istream<char, _Traits>& __is, unsigned char* __s)
^
/Library/Developer/CommandLineTools/usr/include/c++/v1/istream:578:1: note: candidate template ignored: could not match 'basic_istream' against 'basic_ostream'
operator>>(basic_istream<char, _Traits>& __is, signed char* __s)
^
/Library/Developer/CommandLineTools/usr/include/c++/v1/istream:585:1: note: candidate template ignored: could not match 'basic_istream' against 'basic_ostream'
operator>>(basic_istream<_CharT, _Traits>& __is, _CharT& __c)
^
/Library/Developer/CommandLineTools/usr/include/c++/v1/istream:613:1: note: candidate template ignored: could not match 'basic_istream' against 'basic_ostream'
operator>>(basic_istream<char, _Traits>& __is, unsigned char& __c)
^
/Library/Developer/CommandLineTools/usr/include/c++/v1/istream:621:1: note: candidate template ignored: could not match 'basic_istream' against 'basic_ostream'
operator>>(basic_istream<char, _Traits>& __is, signed char& __c)
^
/Library/Developer/CommandLineTools/usr/include/c++/v1/istream:1287:1: note: candidate template ignored: could not match 'basic_istream' against 'basic_ostream'
operator>>(basic_istream<_CharT, _Traits>& __is,
^
/Library/Developer/CommandLineTools/usr/include/c++/v1/istream:1419:1: note: candidate template ignored: could not match 'basic_istream' against 'basic_ostream'
operator>>(basic_istream<_CharT, _Traits>& __is, bitset<_Size>& __x)
^
1 error generated.
make: *** [src/uartmaster.o] Error 1
"make all" terminated with exit code 2. Build might be incomplete.
05:18:57 **** Incremental Build of configuration Debug for project test ****
make all 
make: Nothing to be done for `all'.
05:18:57 **** Incremental Build of configuration Debug for project uartmaster ****
make all 
Building file: ../src/uartmaster.cpp
Invoking: GCC C++ Compiler
g++ -O0 -g3 -Wall -c -fmessage-length=0 -MMD -MP -MF"src/uartmaster.d" -MT"src/uartmaster.o" -o "src/uartmaster.o" "../src/uartmaster.cpp"
../src/uartmaster.cpp:33:10: error: invalid operands to binary expression ('std::__1::ostream' (aka 'basic_ostream<char>') and 'int')
                         cout >> wcount >> "symbols was transmitted successfully" >> endl;
                         ~~~~ ^  ~~~~~~
/Library/Developer/CommandLineTools/usr/include/c++/v1/istream:521:1: note: candidate template ignored: could not match 'basic_istream' against 'basic_ostream'
operator>>(basic_istream<_CharT, _Traits>& __is, _CharT* __s)
^
/Library/Developer/CommandLineTools/usr/include/c++/v1/istream:570:1: note: candidate template ignored: could not match 'basic_istream' against 'basic_ostream'
operator>>(basic_istream<char, _Traits>& __is, unsigned char* __s)
^
/Library/Developer/CommandLineTools/usr/include/c++/v1/istream:578:1: note: candidate template ignored: could not match 'basic_istream' against 'basic_ostream'
operator>>(basic_istream<char, _Traits>& __is, signed char* __s)
^
/Library/Developer/CommandLineTools/usr/include/c++/v1/istream:585:1: note: candidate template ignored: could not match 'basic_istream' against 'basic_ostream'
operator>>(basic_istream<_CharT, _Traits>& __is, _CharT& __c)
^
/Library/Developer/CommandLineTools/usr/include/c++/v1/istream:613:1: note: candidate template ignored: could not match 'basic_istream' against 'basic_ostream'
operator>>(basic_istream<char, _Traits>& __is, unsigned char& __c)
^
/Library/Developer/CommandLineTools/usr/include/c++/v1/istream:621:1: note: candidate template ignored: could not match 'basic_istream' against 'basic_ostream'
operator>>(basic_istream<char, _Traits>& __is, signed char& __c)
^
/Library/Developer/CommandLineTools/usr/include/c++/v1/istream:1287:1: note: candidate template ignored: could not match 'basic_istream' against 'basic_ostream'
operator>>(basic_istream<_CharT, _Traits>& __is,
^
/Library/Developer/CommandLineTools/usr/include/c++/v1/istream:1419:1: note: candidate template ignored: could not match 'basic_istream' against 'basic_ostream'
operator>>(basic_istream<_CharT, _Traits>& __is, bitset<_Size>& __x)
^
1 error generated.
make: *** [src/uartmaster.o] Error 1
"make all" terminated with exit code 2. Build might be incomplete.
05:19:12 **** Incremental Build of configuration Debug for project uartmaster ****
make all 
Building file: ../src/uartmaster.cpp
Invoking: GCC C++ Compiler
g++ -O0 -g3 -Wall -c -fmessage-length=0 -MMD -MP -MF"src/uartmaster.d" -MT"src/uartmaster.o" -o "src/uartmaster.o" "../src/uartmaster.cpp"
Finished building: ../src/uartmaster.cpp
 
Building target: uartmaster
Invoking: MacOS X C++ Linker
g++  -o "uartmaster"  ./src/uartmaster.o   
Finished building target: uartmaster
 
05:19:49 **** Incremental Build of configuration Debug for project uartmaster ****
make all 
Building file: ../src/uartmaster.cpp
Invoking: GCC C++ Compiler
g++ -O0 -g3 -Wall -c -fmessage-length=0 -MMD -MP -MF"src/uartmaster.d" -MT"src/uartmaster.o" -o "src/uartmaster.o" "../src/uartmaster.cpp"
Finished building: ../src/uartmaster.cpp
 
Building target: uartmaster
Invoking: MacOS X C++ Linker
g++  -o "uartmaster"  ./src/uartmaster.o   
Finished building target: uartmaster
 
05:20:07 **** Incremental Build of configuration Debug for project uartmaster ****
make all 
Building file: ../src/uartmaster.cpp
Invoking: GCC C++ Compiler
g++ -O0 -g3 -Wall -c -fmessage-length=0 -MMD -MP -MF"src/uartmaster.d" -MT"src/uartmaster.o" -o "src/uartmaster.o" "../src/uartmaster.cpp"
Finished building: ../src/uartmaster.cpp
 
Building target: uartmaster
Invoking: MacOS X C++ Linker
g++  -o "uartmaster"  ./src/uartmaster.o   
Finished building target: uartmaster
 
